<?xml version="1.0" encoding="UTF-8"?>
<!-- Generated by org.testng.reporters.JUnitReportReporter -->
<testsuite hostname="DESKTOP-OVNCBGS" failures="0" tests="1" name="testcmp.DemoTest" time="120.575" errors="0" timestamp="2023-06-29T13:30:33 IST" skipped="0">
  <testcase classname="testcmp.DemoTest" name="loginFuncTest" time="120.575"/>
  <system-out/>
</testsuite> <!-- testcmp.DemoTest -->
