<?xml version="1.0" encoding="UTF-8"?>
<!-- Generated by org.testng.reporters.JUnitReportReporter -->
<testsuite hostname="DESKTOP-OVNCBGS" failures="0" tests="1" name="testcmp.LoginFunctinalityTest" time="61.856" errors="0" timestamp="2023-06-29T13:34:43 IST" skipped="0">
  <testcase classname="testcmp.LoginFunctinalityTest" name="loginFuncTest" time="61.856"/>
  <system-out/>
</testsuite> <!-- testcmp.LoginFunctinalityTest -->
