<?xml version="1.0" encoding="UTF-8"?>
<!-- Generated by org.testng.reporters.JUnitReportReporter -->
<testsuite hostname="DESKTOP-OVNCBGS" failures="0" tests="1" name="testcmp.PageLogin" time="30.586" errors="0" timestamp="2023-06-29T10:32:07 IST" skipped="0">
  <testcase classname="testcmp.PageLogin" name="login" time="30.586"/>
  <system-out/>
</testsuite> <!-- testcmp.PageLogin -->
